<?xml version="1.0" encoding="UTF-8"?>
<!-- Generated by org.testng.reporters.JUnitXMLReporter -->
<testsuite hostname="LP-5CD7485ZW3" ignored="0" name="Dependencies Test" tests="4" failures="0" timestamp="2020-08-11T23:59:05 IST" time="0.025" errors="0">
  <testcase name="doUserRegistration" time="0.002" classname="functionalTests.TestDependencies"/>
  <testcase name="doLogin" time="0.001" classname="functionalTests.TestDependencies"/>
  <testcase name="doForgotPassword" time="0.002" classname="functionalTests.TestDependencies"/>
  <testcase name="doForgotUsername" time="0.005" classname="functionalTests.TestDependencies"/>
</testsuite> <!-- Dependencies Test -->
