<?xml version="1.0" encoding="UTF-8"?>
<!-- Generated by org.testng.reporters.JUnitXMLReporter -->
<testsuite hostname="LP-5CD7485ZW3" ignored="0" name="Soft Assertion Test" tests="1" failures="1" timestamp="2020-08-11T00:27:58 IST" time="0.012" errors="0">
  <testcase name="softAssertions" time="0.007" classname="listenerTests.SoftAssertions">
    <failure type="java.lang.AssertionError" message="The following asserts failed:
	Titles Mismatch expected [Yahoo.com] but found [Google.com],
	Image Not Found expected [false] but found [true],
	Textbox Not Found expected [false] but found [true]">
      <![CDATA[java.lang.AssertionError: The following asserts failed:
Titles Mismatch expected [Yahoo.com] but found [Google.com],
Image Not Found expected [false] but found [true],
Textbox Not Found expected [false] but found [true]
at listenerTests.SoftAssertions.softAssertions(SoftAssertions.java:29)
at java.util.ArrayList.forEach(Unknown Source)
... Removed 29 stack frames]]>
    </failure>
  </testcase> <!-- softAssertions -->
</testsuite> <!-- Soft Assertion Test -->
