<!DOCTYPE html PUBLIC "-//W3C//DTD XHTML 1.1//EN" "https://www.w3.org/TR/xhtml11/DTD/xhtml11.dtd">
<html xmlns="https://www.w3.org/1999/xhtml">
<head>
<meta http-equiv="content-type" content="text/html; charset=UTF-8"/>
<title>TestNG Report</title>
<style type="text/css">table {margin-bottom:10px;border-collapse:collapse;empty-cells:show}th,td {border:1px solid #009;padding:.25em .5em}th {vertical-align:bottom}td {vertical-align:top}table a {font-weight:bold}.stripe td {background-color: #E6EBF9}.num {text-align:right}.passedodd td {background-color: #3F3}.passedeven td {background-color: #0A0}.skippedodd td {background-color: #DDD}.skippedeven td {background-color: #CCC}.failedodd td,.attn {background-color: #F33}.failedeven td,.stripe .attn {background-color: #D00}.stacktrace {white-space:pre;font-family:monospace}.totop {font-size:85%;text-align:center;border-bottom:2px solid #000}.invisible {display:none}</style>
</head>
<body>
<table>
<tr><th>Test</th><th># Passed</th><th># Skipped</th><th># Retried</th><th># Failed</th><th>Time (ms)</th><th>Included Groups</th><th>Excluded Groups</th></tr>
<tr><th colspan="8">Functional Suit</th></tr>
<tr><td><a href="#t0">Login Test</a></td><td class="num">2</td><td class="num">0</td><td class="num">0</td><td class="num">0</td><td class="num">51</td><td></td><td></td></tr>
<tr class="stripe"><td><a href="#t1">Soft Assertion Test</a></td><td class="num">0</td><td class="num">0</td><td class="num">0</td><td class="num attn">1</td><td class="num">12</td><td></td><td></td></tr>
<tr><td><a href="#t2">Dependencies Test</a></td><td class="num">4</td><td class="num">0</td><td class="num">0</td><td class="num">0</td><td class="num">18</td><td></td><td></td></tr>
<tr class="stripe"><td><a href="#t3">Validations Test</a></td><td class="num">0</td><td class="num">0</td><td class="num">0</td><td class="num attn">1</td><td class="num">8</td><td></td><td></td></tr>
<tr><td><a href="#t4">Failure Test</a></td><td class="num">0</td><td class="num">0</td><td class="num">0</td><td class="num attn">1</td><td class="num">5</td><td></td><td></td></tr>
<tr><th>Total</th><th class="num">6</th><th class="num">0</th><th class="num">0</th><th class="num attn">3</th><th class="num">94</th><th colspan="2"></th></tr>
</table>
<table id='summary'><thead><tr><th>Class</th><th>Method</th><th>Start</th><th>Time (ms)</th></tr></thead><tbody><tr><th colspan="4">Functional Suit</th></tr></tbody><tbody id="t0"><tr><th colspan="4">Login Test &#8212; passed</th></tr><tr class="passedeven"><td rowspan="2">listenerTests.LoginTestCase</td><td><a href="#m0">doLogin</a></td><td rowspan="1">1597085878520</td><td rowspan="1">1</td></tr><tr class="passedeven"><td><a href="#m1">doUserRegistration</a></td><td rowspan="1">1597085878509</td><td rowspan="1">5</td></tr></tbody>
<tbody id="t1"><tr><th colspan="4">Soft Assertion Test &#8212; failed</th></tr><tr class="failedeven"><td rowspan="1">listenerTests.SoftAssertions</td><td><a href="#m2">softAssertions</a></td><td rowspan="1">1597085878578</td><td rowspan="1">7</td></tr></tbody>
<tbody id="t2"><tr><th colspan="4">Dependencies Test &#8212; passed</th></tr><tr class="passedeven"><td rowspan="4">listenerTests.TestDependencies</td><td><a href="#m3">doForgotPassword</a></td><td rowspan="1">1597085878622</td><td rowspan="1">1</td></tr><tr class="passedeven"><td><a href="#m4">doForgotUsername</a></td><td rowspan="1">1597085878625</td><td rowspan="1">3</td></tr><tr class="passedeven"><td><a href="#m5">doLogin</a></td><td rowspan="1">1597085878619</td><td rowspan="1">2</td></tr><tr class="passedeven"><td><a href="#m6">doUserRegistration</a></td><td rowspan="1">1597085878614</td><td rowspan="1">3</td></tr></tbody>
<tbody id="t3"><tr><th colspan="4">Validations Test &#8212; failed</th></tr><tr class="failedeven"><td rowspan="1">listenerTests.Validations</td><td><a href="#m7">validateTitles</a></td><td rowspan="1">1597085878652</td><td rowspan="1">4</td></tr></tbody>
<tbody id="t4"><tr><th colspan="4">Failure Test &#8212; failed</th></tr><tr class="failedeven"><td rowspan="1">listenerTests.TestFailure</td><td><a href="#m8">doLogin</a></td><td rowspan="1">1597085878679</td><td rowspan="1">1</td></tr></tbody>
</table>
<h2>Login Test</h2><h3 id="m0">listenerTests.LoginTestCase#doLogin</h3><table class="result"><tr><th class="invisible"/></tr></table><p class="totop"><a href="#summary">back to summary</a></p>
<h3 id="m1">listenerTests.LoginTestCase#doUserRegistration</h3><table class="result"><tr><th class="invisible"/></tr></table><p class="totop"><a href="#summary">back to summary</a></p>
<h2>Soft Assertion Test</h2><h3 id="m2">listenerTests.SoftAssertions#softAssertions</h3><table class="result"><tr><th>Messages</th></tr><tr><td><div class="messages">Screenshot Link</div></td></tr><tr><th>Exception</th></tr><tr><td><div class="stacktrace">java.lang.AssertionError: The following asserts failed:
	Titles Mismatch expected [Yahoo.com] but found [Google.com],
	Image Not Found expected [false] but found [true],
	Textbox Not Found expected [false] but found [true]
	at listenerTests.SoftAssertions.softAssertions(SoftAssertions.java:29)
	at java.util.ArrayList.forEach(Unknown Source)
... Removed 29 stack frames</div></td></tr></table><p class="totop"><a href="#summary">back to summary</a></p>
<h2>Dependencies Test</h2><h3 id="m3">listenerTests.TestDependencies#doForgotPassword</h3><table class="result"><tr><th class="invisible"/></tr></table><p class="totop"><a href="#summary">back to summary</a></p>
<h3 id="m4">listenerTests.TestDependencies#doForgotUsername</h3><table class="result"><tr><th class="invisible"/></tr></table><p class="totop"><a href="#summary">back to summary</a></p>
<h3 id="m5">listenerTests.TestDependencies#doLogin</h3><table class="result"><tr><th class="invisible"/></tr></table><p class="totop"><a href="#summary">back to summary</a></p>
<h3 id="m6">listenerTests.TestDependencies#doUserRegistration</h3><table class="result"><tr><th class="invisible"/></tr></table><p class="totop"><a href="#summary">back to summary</a></p>
<h2>Validations Test</h2><h3 id="m7">listenerTests.Validations#validateTitles</h3><table class="result"><tr><th>Messages</th></tr><tr><td><div class="messages">Screenshot Link</div></td></tr><tr><th>Exception</th></tr><tr><td><div class="stacktrace">java.lang.AssertionError: expected [Yahoo.com] but found [Google.com]
	at listenerTests.Validations.validateTitles(Validations.java:22)
	at java.util.ArrayList.forEach(Unknown Source)
... Removed 33 stack frames</div></td></tr></table><p class="totop"><a href="#summary">back to summary</a></p>
<h2>Failure Test</h2><h3 id="m8">listenerTests.TestFailure#doLogin</h3><table class="result"><tr><th>Messages</th></tr><tr><td><div class="messages">Screenshot Link</div></td></tr><tr><th>Exception</th></tr><tr><td><div class="stacktrace">java.lang.AssertionError: Failing the Login Test
	at listenerTests.TestFailure.doLogin(TestFailure.java:14)
	at java.util.ArrayList.forEach(Unknown Source)
... Removed 28 stack frames</div></td></tr></table><p class="totop"><a href="#summary">back to summary</a></p>
</body>
</html>
