<?xml version="1.0" encoding="UTF-8"?>
<!-- Generated by org.testng.reporters.JUnitXMLReporter -->
<testsuite hostname="LP-5CD7485ZW3" ignored="2" tests="0" failures="0" timestamp="2020-08-10T15:42:52 IST" time="0.015" errors="0">
  <testcase name="doUserRegistration" time="0.0" classname="groupTests.LoginTestCase">
    <ignored/>
  </testcase> <!-- doUserRegistration -->
  <testcase name="doLogin" time="0.0" classname="groupTests.LoginTestCase">
    <ignored/>
  </testcase> <!-- doLogin -->
</testsuite>
